<?xml version="1.0" encoding="UTF-8"?>
<testng-results ignored="0" total="1" passed="1" failed="0" skipped="0">
  <reporter-output>
  </reporter-output>
  <suite started-at="2023-09-02T10:48:45Z" name="Default suite" finished-at="2023-09-02T10:49:03Z" duration-ms="17642">
    <groups>
    </groups>
    <test started-at="2023-09-02T10:48:45Z" name="Default test" finished-at="2023-09-02T10:49:03Z" duration-ms="17642">
      <class name="com.qsp.vtiger.products.CreateProductTest">
        <test-method is-config="true" signature="bsConfig()[pri:0, instance:com.qsp.vtiger.products.CreateProductTest@5c44c582]" started-at="2023-09-02T10:48:45Z" name="bsConfig" finished-at="2023-09-02T10:48:45Z" duration-ms="204" status="PASS">
          <reporter-output>
          </reporter-output>
        </test-method> <!-- bsConfig -->
        <test-method is-config="true" signature="btConfig()[pri:0, instance:com.qsp.vtiger.products.CreateProductTest@5c44c582]" started-at="2023-09-02T10:48:45Z" name="btConfig" finished-at="2023-09-02T10:48:45Z" duration-ms="0" status="PASS">
          <reporter-output>
          </reporter-output>
        </test-method> <!-- btConfig -->
        <test-method is-config="true" signature="bcConfig()[pri:0, instance:com.qsp.vtiger.products.CreateProductTest@5c44c582]" started-at="2023-09-02T10:48:45Z" name="bcConfig" finished-at="2023-09-02T10:48:48Z" duration-ms="2480" status="PASS">
          <reporter-output>
          </reporter-output>
        </test-method> <!-- bcConfig -->
        <test-method is-config="true" signature="bmConfig()[pri:0, instance:com.qsp.vtiger.products.CreateProductTest@5c44c582]" started-at="2023-09-02T10:48:48Z" name="bmConfig" finished-at="2023-09-02T10:48:49Z" duration-ms="1539" status="PASS">
          <reporter-output>
          </reporter-output>
        </test-method> <!-- bmConfig -->
        <test-method signature="createProductAndVerifyProductInformation()[pri:0, instance:com.qsp.vtiger.products.CreateProductTest@5c44c582]" started-at="2023-09-02T10:48:49Z" name="createProductAndVerifyProductInformation" finished-at="2023-09-02T10:49:01Z" duration-ms="12133" status="PASS">
          <reporter-output>
          </reporter-output>
        </test-method> <!-- createProductAndVerifyProductInformation -->
        <test-method is-config="true" signature="amConfig()[pri:0, instance:com.qsp.vtiger.products.CreateProductTest@5c44c582]" started-at="2023-09-02T10:49:01Z" name="amConfig" finished-at="2023-09-02T10:49:02Z" duration-ms="1099" status="PASS">
          <reporter-output>
          </reporter-output>
        </test-method> <!-- amConfig -->
        <test-method is-config="true" signature="acConfig()[pri:0, instance:com.qsp.vtiger.products.CreateProductTest@5c44c582]" started-at="2023-09-02T10:49:02Z" name="acConfig" finished-at="2023-09-02T10:49:03Z" duration-ms="373" status="PASS">
          <reporter-output>
          </reporter-output>
        </test-method> <!-- acConfig -->
        <test-method is-config="true" signature="atConfig()[pri:0, instance:com.qsp.vtiger.products.CreateProductTest@5c44c582]" started-at="2023-09-02T10:49:03Z" name="atConfig" finished-at="2023-09-02T10:49:03Z" duration-ms="0" status="PASS">
          <reporter-output>
          </reporter-output>
        </test-method> <!-- atConfig -->
        <test-method is-config="true" signature="asConfig()[pri:0, instance:com.qsp.vtiger.products.CreateProductTest@5c44c582]" started-at="2023-09-02T10:49:03Z" name="asConfig" finished-at="2023-09-02T10:49:03Z" duration-ms="16" status="PASS">
          <reporter-output>
          </reporter-output>
        </test-method> <!-- asConfig -->
      </class> <!-- com.qsp.vtiger.products.CreateProductTest -->
    </test> <!-- Default test -->
  </suite> <!-- Default suite -->
</testng-results>
